2025-01-09T20:49:03.969+09:00  INFO 21724 --- [PL] [restartedMain] com.example.football.Application         : Starting Application using Java 23.0.1 with PID 21724 (C:\Users\W10\Desktop\PL Project\PL\target\classes started by W10 in C:\Users\W10\Desktop\PL Project\PL)
2025-01-09T20:49:03.976+09:00  INFO 21724 --- [PL] [restartedMain] com.example.football.Application         : No active profile set, falling back to 1 default profile: "default"
2025-01-09T20:49:04.020+09:00  INFO 21724 --- [PL] [restartedMain] .e.DevToolsPropertyDefaultsPostProcessor : Devtools property defaults active! Set 'spring.devtools.add-properties' to 'false' to disable
2025-01-09T20:49:04.020+09:00  INFO 21724 --- [PL] [restartedMain] .e.DevToolsPropertyDefaultsPostProcessor : For additional web related logging consider setting the 'logging.level.web' property to 'DEBUG'
2025-01-09T20:49:04.549+09:00  INFO 21724 --- [PL] [restartedMain] .s.d.r.c.RepositoryConfigurationDelegate : Bootstrapping Spring Data JPA repositories in DEFAULT mode.
2025-01-09T20:49:04.603+09:00  INFO 21724 --- [PL] [restartedMain] .s.d.r.c.RepositoryConfigurationDelegate : Finished Spring Data repository scanning in 47 ms. Found 7 JPA repository interfaces.
2025-01-09T20:49:05.039+09:00  INFO 21724 --- [PL] [restartedMain] o.s.b.w.embedded.tomcat.TomcatWebServer  : Tomcat initialized with port 8080 (http)
2025-01-09T20:49:05.052+09:00  INFO 21724 --- [PL] [restartedMain] o.apache.catalina.core.StandardService   : Starting service [Tomcat]
2025-01-09T20:49:05.052+09:00  INFO 21724 --- [PL] [restartedMain] o.apache.catalina.core.StandardEngine    : Starting Servlet engine: [Apache Tomcat/10.1.30]
2025-01-09T20:49:05.110+09:00  INFO 21724 --- [PL] [restartedMain] o.a.c.c.C.[Tomcat].[localhost].[/]       : Initializing Spring embedded WebApplicationContext
2025-01-09T20:49:05.110+09:00  INFO 21724 --- [PL] [restartedMain] w.s.c.ServletWebServerApplicationContext : Root WebApplicationContext: initialization completed in 1090 ms
2025-01-09T20:49:05.236+09:00  INFO 21724 --- [PL] [restartedMain] o.hibernate.jpa.internal.util.LogHelper  : HHH000204: Processing PersistenceUnitInfo [name: default]
2025-01-09T20:49:05.278+09:00  INFO 21724 --- [PL] [restartedMain] org.hibernate.Version                    : HHH000412: Hibernate ORM core version 6.4.10.Final
2025-01-09T20:49:05.303+09:00  INFO 21724 --- [PL] [restartedMain] o.h.c.internal.RegionFactoryInitiator    : HHH000026: Second-level cache disabled
2025-01-09T20:49:05.494+09:00  INFO 21724 --- [PL] [restartedMain] o.s.o.j.p.SpringPersistenceUnitInfo      : No LoadTimeWeaver setup: ignoring JPA class transformer
2025-01-09T20:49:05.515+09:00  INFO 21724 --- [PL] [restartedMain] com.zaxxer.hikari.HikariDataSource       : HikariPool-1 - Starting...
2025-01-09T20:49:05.813+09:00  INFO 21724 --- [PL] [restartedMain] com.zaxxer.hikari.pool.HikariPool        : HikariPool-1 - Added connection com.mysql.cj.jdbc.ConnectionImpl@76b0951
2025-01-09T20:49:05.815+09:00  INFO 21724 --- [PL] [restartedMain] com.zaxxer.hikari.HikariDataSource       : HikariPool-1 - Start completed.
2025-01-09T20:49:05.857+09:00  WARN 21724 --- [PL] [restartedMain] org.hibernate.orm.deprecation            : HHH90000025: MySQLDialect does not need to be specified explicitly using 'hibernate.dialect' (remove the property setting and it will be selected by default)
2025-01-09T20:49:06.570+09:00  INFO 21724 --- [PL] [restartedMain] o.h.e.t.j.p.i.JtaPlatformInitiator       : HHH000489: No JTA platform available (set 'hibernate.transaction.jta.platform' to enable JTA platform integration)
2025-01-09T20:49:06.631+09:00  INFO 21724 --- [PL] [restartedMain] j.LocalContainerEntityManagerFactoryBean : Initialized JPA EntityManagerFactory for persistence unit 'default'
2025-01-09T20:49:06.866+09:00  INFO 21724 --- [PL] [restartedMain] o.s.d.j.r.query.QueryEnhancerFactory     : Hibernate is in classpath; If applicable, HQL parser will be used.
2025-01-09T20:49:11.176+09:00  WARN 21724 --- [PL] [restartedMain] JpaBaseConfiguration$JpaWebConfiguration : spring.jpa.open-in-view is enabled by default. Therefore, database queries may be performed during view rendering. Explicitly configure spring.jpa.open-in-view to disable this warning
2025-01-09T20:49:11.396+09:00  INFO 21724 --- [PL] [restartedMain] o.s.b.d.a.OptionalLiveReloadServer       : LiveReload server is running on port 35729
2025-01-09T20:49:11.424+09:00  INFO 21724 --- [PL] [restartedMain] o.s.b.w.embedded.tomcat.TomcatWebServer  : Tomcat started on port 8080 (http) with context path ''
2025-01-09T20:49:11.426+09:00  INFO 21724 --- [PL] [restartedMain] o.s.m.s.b.SimpleBrokerMessageHandler     : Starting...
2025-01-09T20:49:11.426+09:00  INFO 21724 --- [PL] [restartedMain] o.s.m.s.b.SimpleBrokerMessageHandler     : BrokerAvailabilityEvent[available=true, SimpleBrokerMessageHandler [org.springframework.messaging.simp.broker.DefaultSubscriptionRegistry@71054f91]]
2025-01-09T20:49:11.426+09:00  INFO 21724 --- [PL] [restartedMain] o.s.m.s.b.SimpleBrokerMessageHandler     : Started.
2025-01-09T20:49:11.433+09:00  INFO 21724 --- [PL] [restartedMain] com.example.football.Application         : Started Application in 7.742 seconds (process running for 8.227)
2025-01-09T20:49:45.198+09:00  INFO 21724 --- [PL] [File Watcher] rtingClassPathChangeChangedEventListener : Restarting due to 3 class path changes (0 additions, 0 deletions, 3 modifications)
2025-01-09T20:49:45.201+09:00  INFO 21724 --- [PL] [Thread-5] o.s.m.s.b.SimpleBrokerMessageHandler     : Stopping...
2025-01-09T20:49:45.201+09:00  INFO 21724 --- [PL] [Thread-5] o.s.m.s.b.SimpleBrokerMessageHandler     : BrokerAvailabilityEvent[available=false, SimpleBrokerMessageHandler [org.springframework.messaging.simp.broker.DefaultSubscriptionRegistry@71054f91]]
2025-01-09T20:49:45.201+09:00  INFO 21724 --- [PL] [Thread-5] o.s.m.s.b.SimpleBrokerMessageHandler     : Stopped.
2025-01-09T20:49:45.208+09:00  INFO 21724 --- [PL] [Thread-5] j.LocalContainerEntityManagerFactoryBean : Closing JPA EntityManagerFactory for persistence unit 'default'
2025-01-09T20:49:45.211+09:00  INFO 21724 --- [PL] [Thread-5] com.zaxxer.hikari.HikariDataSource       : HikariPool-1 - Shutdown initiated...
2025-01-09T20:49:45.214+09:00  INFO 21724 --- [PL] [Thread-5] com.zaxxer.hikari.HikariDataSource       : HikariPool-1 - Shutdown completed.
2025-01-09T20:49:45.274+09:00  INFO 21724 --- [PL] [restartedMain] com.example.football.Application         : Starting Application using Java 23.0.1 with PID 21724 (C:\Users\W10\Desktop\PL Project\PL\target\classes started by W10 in C:\Users\W10\Desktop\PL Project\PL)
2025-01-09T20:49:45.274+09:00  INFO 21724 --- [PL] [restartedMain] com.example.football.Application         : No active profile set, falling back to 1 default profile: "default"
2025-01-09T20:49:45.405+09:00  INFO 21724 --- [PL] [restartedMain] .s.d.r.c.RepositoryConfigurationDelegate : Bootstrapping Spring Data JPA repositories in DEFAULT mode.
2025-01-09T20:49:45.419+09:00  INFO 21724 --- [PL] [restartedMain] .s.d.r.c.RepositoryConfigurationDelegate : Finished Spring Data repository scanning in 13 ms. Found 7 JPA repository interfaces.
2025-01-09T20:49:45.490+09:00  INFO 21724 --- [PL] [restartedMain] o.s.b.w.embedded.tomcat.TomcatWebServer  : Tomcat initialized with port 8080 (http)
2025-01-09T20:49:45.491+09:00  INFO 21724 --- [PL] [restartedMain] o.apache.catalina.core.StandardService   : Starting service [Tomcat]
2025-01-09T20:49:45.491+09:00  INFO 21724 --- [PL] [restartedMain] o.apache.catalina.core.StandardEngine    : Starting Servlet engine: [Apache Tomcat/10.1.30]
2025-01-09T20:49:45.504+09:00  INFO 21724 --- [PL] [restartedMain] o.a.c.c.C.[Tomcat].[localhost].[/]       : Initializing Spring embedded WebApplicationContext
2025-01-09T20:49:45.504+09:00  INFO 21724 --- [PL] [restartedMain] w.s.c.ServletWebServerApplicationContext : Root WebApplicationContext: initialization completed in 229 ms
2025-01-09T20:49:45.531+09:00  INFO 21724 --- [PL] [restartedMain] o.hibernate.jpa.internal.util.LogHelper  : HHH000204: Processing PersistenceUnitInfo [name: default]
2025-01-09T20:49:45.533+09:00  INFO 21724 --- [PL] [restartedMain] o.h.c.internal.RegionFactoryInitiator    : HHH000026: Second-level cache disabled
2025-01-09T20:49:45.536+09:00  INFO 21724 --- [PL] [restartedMain] o.s.o.j.p.SpringPersistenceUnitInfo      : No LoadTimeWeaver setup: ignoring JPA class transformer
2025-01-09T20:49:45.537+09:00  INFO 21724 --- [PL] [restartedMain] com.zaxxer.hikari.HikariDataSource       : HikariPool-2 - Starting...
2025-01-09T20:49:45.550+09:00  INFO 21724 --- [PL] [restartedMain] com.zaxxer.hikari.pool.HikariPool        : HikariPool-2 - Added connection com.mysql.cj.jdbc.ConnectionImpl@662ff7b4
2025-01-09T20:49:45.550+09:00  INFO 21724 --- [PL] [restartedMain] com.zaxxer.hikari.HikariDataSource       : HikariPool-2 - Start completed.
2025-01-09T20:49:45.551+09:00  WARN 21724 --- [PL] [restartedMain] org.hibernate.orm.deprecation            : HHH90000025: MySQLDialect does not need to be specified explicitly using 'hibernate.dialect' (remove the property setting and it will be selected by default)
2025-01-09T20:49:45.640+09:00  INFO 21724 --- [PL] [restartedMain] o.h.e.t.j.p.i.JtaPlatformInitiator       : HHH000489: No JTA platform available (set 'hibernate.transaction.jta.platform' to enable JTA platform integration)
2025-01-09T20:49:45.661+09:00  INFO 21724 --- [PL] [restartedMain] j.LocalContainerEntityManagerFactoryBean : Initialized JPA EntityManagerFactory for persistence unit 'default'
2025-01-09T20:49:48.346+09:00  WARN 21724 --- [PL] [restartedMain] JpaBaseConfiguration$JpaWebConfiguration : spring.jpa.open-in-view is enabled by default. Therefore, database queries may be performed during view rendering. Explicitly configure spring.jpa.open-in-view to disable this warning
2025-01-09T20:49:48.414+09:00  INFO 21724 --- [PL] [restartedMain] o.s.b.d.a.OptionalLiveReloadServer       : LiveReload server is running on port 35729
2025-01-09T20:49:48.423+09:00  INFO 21724 --- [PL] [restartedMain] o.s.b.w.embedded.tomcat.TomcatWebServer  : Tomcat started on port 8080 (http) with context path ''
2025-01-09T20:49:48.424+09:00  INFO 21724 --- [PL] [restartedMain] o.s.m.s.b.SimpleBrokerMessageHandler     : Starting...
2025-01-09T20:49:48.424+09:00  INFO 21724 --- [PL] [restartedMain] o.s.m.s.b.SimpleBrokerMessageHandler     : BrokerAvailabilityEvent[available=true, SimpleBrokerMessageHandler [org.springframework.messaging.simp.broker.DefaultSubscriptionRegistry@b608d29]]
2025-01-09T20:49:48.424+09:00  INFO 21724 --- [PL] [restartedMain] o.s.m.s.b.SimpleBrokerMessageHandler     : Started.
2025-01-09T20:49:48.427+09:00  INFO 21724 --- [PL] [restartedMain] com.example.football.Application         : Started Application in 3.172 seconds (process running for 45.221)
2025-01-09T20:49:48.429+09:00  INFO 21724 --- [PL] [restartedMain] .ConditionEvaluationDeltaLoggingListener : Condition evaluation unchanged
2025-01-09T20:50:48.423+09:00  INFO 21724 --- [PL] [MessageBroker-5] o.s.w.s.c.WebSocketMessageBrokerStats    : WebSocketSession[0 current WS(0)-HttpStream(0)-HttpPoll(0), 0 total, 0 closed abnormally (0 connect failure, 0 send limit, 0 transport error)], stompSubProtocol[processed CONNECT(0)-CONNECTED(0)-DISCONNECT(0)], stompBrokerRelay[null], inboundChannel[pool size = 0, active threads = 0, queued tasks = 0, completed tasks = 0], outboundChannel[pool size = 0, active threads = 0, queued tasks = 0, completed tasks = 0], sockJsScheduler[pool size = 6, active threads = 1, queued tasks = 3, completed tasks = 8]
2025-01-09T20:52:50.285+09:00  INFO 21724 --- [PL] [http-nio-0.0.0.0-8080-exec-1] o.apache.coyote.http11.Http11Processor   : Error parsing HTTP request header
 Note: further occurrences of HTTP request parsing errors will be logged at DEBUG level.

java.lang.IllegalArgumentException: Invalid character found in method name [0x160x030x010x060xf20x010x000x060xee0x030x030_Y0xa60x9b0x8c0xc9J0x84BbX0x850xb00x0c0xcc ]. HTTP method names must be tokens
	at org.apache.coyote.http11.Http11InputBuffer.parseRequestLine(Http11InputBuffer.java:407) ~[tomcat-embed-core-10.1.30.jar:10.1.30]
	at org.apache.coyote.http11.Http11Processor.service(Http11Processor.java:257) ~[tomcat-embed-core-10.1.30.jar:10.1.30]
	at org.apache.coyote.AbstractProcessorLight.process(AbstractProcessorLight.java:63) ~[tomcat-embed-core-10.1.30.jar:10.1.30]
	at org.apache.coyote.AbstractProtocol$ConnectionHandler.process(AbstractProtocol.java:905) ~[tomcat-embed-core-10.1.30.jar:10.1.30]
	at org.apache.tomcat.util.net.NioEndpoint$SocketProcessor.doRun(NioEndpoint.java:1741) ~[tomcat-embed-core-10.1.30.jar:10.1.30]
	at org.apache.tomcat.util.net.SocketProcessorBase.run(SocketProcessorBase.java:52) ~[tomcat-embed-core-10.1.30.jar:10.1.30]
	at org.apache.tomcat.util.threads.ThreadPoolExecutor.runWorker(ThreadPoolExecutor.java:1190) ~[tomcat-embed-core-10.1.30.jar:10.1.30]
	at org.apache.tomcat.util.threads.ThreadPoolExecutor$Worker.run(ThreadPoolExecutor.java:659) ~[tomcat-embed-core-10.1.30.jar:10.1.30]
	at org.apache.tomcat.util.threads.TaskThread$WrappingRunnable.run(TaskThread.java:63) ~[tomcat-embed-core-10.1.30.jar:10.1.30]
	at java.base/java.lang.Thread.run(Thread.java:1575) ~[na:na]

2025-01-09T20:52:50.285+09:00  INFO 21724 --- [PL] [http-nio-0.0.0.0-8080-exec-2] o.apache.coyote.http11.Http11Processor   : Error parsing HTTP request header
 Note: further occurrences of HTTP request parsing errors will be logged at DEBUG level.

java.lang.IllegalArgumentException: Invalid character found in method name [0x160x030x010x070x120x010x000x070x0e0x030x030xd6G900xe70x7f<0xb9|0xcb0x910x0e0xdf0xe6_[#0x9c50xabD/00xe00xf3-9#0xd40xe00x010xce ]. HTTP method names must be tokens
	at org.apache.coyote.http11.Http11InputBuffer.parseRequestLine(Http11InputBuffer.java:407) ~[tomcat-embed-core-10.1.30.jar:10.1.30]
	at org.apache.coyote.http11.Http11Processor.service(Http11Processor.java:257) ~[tomcat-embed-core-10.1.30.jar:10.1.30]
	at org.apache.coyote.AbstractProcessorLight.process(AbstractProcessorLight.java:63) ~[tomcat-embed-core-10.1.30.jar:10.1.30]
	at org.apache.coyote.AbstractProtocol$ConnectionHandler.process(AbstractProtocol.java:905) ~[tomcat-embed-core-10.1.30.jar:10.1.30]
	at org.apache.tomcat.util.net.NioEndpoint$SocketProcessor.doRun(NioEndpoint.java:1741) ~[tomcat-embed-core-10.1.30.jar:10.1.30]
	at org.apache.tomcat.util.net.SocketProcessorBase.run(SocketProcessorBase.java:52) ~[tomcat-embed-core-10.1.30.jar:10.1.30]
	at org.apache.tomcat.util.threads.ThreadPoolExecutor.runWorker(ThreadPoolExecutor.java:1190) ~[tomcat-embed-core-10.1.30.jar:10.1.30]
	at org.apache.tomcat.util.threads.ThreadPoolExecutor$Worker.run(ThreadPoolExecutor.java:659) ~[tomcat-embed-core-10.1.30.jar:10.1.30]
	at org.apache.tomcat.util.threads.TaskThread$WrappingRunnable.run(TaskThread.java:63) ~[tomcat-embed-core-10.1.30.jar:10.1.30]
	at java.base/java.lang.Thread.run(Thread.java:1575) ~[na:na]

2025-01-09T20:53:33.906+09:00  INFO 21724 --- [PL] [http-nio-0.0.0.0-8080-exec-3] o.a.c.c.C.[Tomcat].[localhost].[/]       : Initializing Spring DispatcherServlet 'dispatcherServlet'
2025-01-09T20:53:33.906+09:00  INFO 21724 --- [PL] [http-nio-0.0.0.0-8080-exec-3] o.s.web.servlet.DispatcherServlet        : Initializing Servlet 'dispatcherServlet'
2025-01-09T20:53:33.908+09:00  INFO 21724 --- [PL] [http-nio-0.0.0.0-8080-exec-3] o.s.web.servlet.DispatcherServlet        : Completed initialization in 2 ms
2025-01-09T20:55:02.440+09:00  INFO 21724 --- [PL] [File Watcher] rtingClassPathChangeChangedEventListener : Restarting due to 54 class path changes (0 additions, 0 deletions, 54 modifications)
2025-01-09T20:55:02.441+09:00  INFO 21724 --- [PL] [Thread-7] o.s.m.s.b.SimpleBrokerMessageHandler     : Stopping...
2025-01-09T20:55:02.441+09:00  INFO 21724 --- [PL] [Thread-7] o.s.m.s.b.SimpleBrokerMessageHandler     : BrokerAvailabilityEvent[available=false, SimpleBrokerMessageHandler [org.springframework.messaging.simp.broker.DefaultSubscriptionRegistry@b608d29]]
2025-01-09T20:55:02.441+09:00  INFO 21724 --- [PL] [Thread-7] o.s.m.s.b.SimpleBrokerMessageHandler     : Stopped.
2025-01-09T20:55:02.444+09:00  INFO 21724 --- [PL] [Thread-7] j.LocalContainerEntityManagerFactoryBean : Closing JPA EntityManagerFactory for persistence unit 'default'
2025-01-09T20:55:02.445+09:00  INFO 21724 --- [PL] [Thread-7] com.zaxxer.hikari.HikariDataSource       : HikariPool-2 - Shutdown initiated...
2025-01-09T20:55:02.448+09:00  INFO 21724 --- [PL] [Thread-7] com.zaxxer.hikari.HikariDataSource       : HikariPool-2 - Shutdown completed.
2025-01-09T20:55:02.512+09:00  INFO 21724 --- [PL] [restartedMain] com.example.football.Application         : Starting Application using Java 23.0.1 with PID 21724 (C:\Users\W10\Desktop\PL Project\PL\target\classes started by W10 in C:\Users\W10\Desktop\PL Project\PL)
2025-01-09T20:55:02.512+09:00  INFO 21724 --- [PL] [restartedMain] com.example.football.Application         : No active profile set, falling back to 1 default profile: "default"
2025-01-09T20:55:02.646+09:00  INFO 21724 --- [PL] [restartedMain] .s.d.r.c.RepositoryConfigurationDelegate : Bootstrapping Spring Data JPA repositories in DEFAULT mode.
2025-01-09T20:55:02.659+09:00  INFO 21724 --- [PL] [restartedMain] .s.d.r.c.RepositoryConfigurationDelegate : Finished Spring Data repository scanning in 12 ms. Found 7 JPA repository interfaces.
2025-01-09T20:55:02.750+09:00  INFO 21724 --- [PL] [restartedMain] o.s.b.w.embedded.tomcat.TomcatWebServer  : Tomcat initialized with port 8080 (http)
2025-01-09T20:55:02.751+09:00  INFO 21724 --- [PL] [restartedMain] o.apache.catalina.core.StandardService   : Starting service [Tomcat]
2025-01-09T20:55:02.751+09:00  INFO 21724 --- [PL] [restartedMain] o.apache.catalina.core.StandardEngine    : Starting Servlet engine: [Apache Tomcat/10.1.30]
2025-01-09T20:55:02.765+09:00  INFO 21724 --- [PL] [restartedMain] o.a.c.c.C.[Tomcat].[localhost].[/]       : Initializing Spring embedded WebApplicationContext
2025-01-09T20:55:02.765+09:00  INFO 21724 --- [PL] [restartedMain] w.s.c.ServletWebServerApplicationContext : Root WebApplicationContext: initialization completed in 251 ms
2025-01-09T20:55:02.794+09:00  INFO 21724 --- [PL] [restartedMain] o.hibernate.jpa.internal.util.LogHelper  : HHH000204: Processing PersistenceUnitInfo [name: default]
2025-01-09T20:55:02.797+09:00  INFO 21724 --- [PL] [restartedMain] o.h.c.internal.RegionFactoryInitiator    : HHH000026: Second-level cache disabled
2025-01-09T20:55:02.800+09:00  INFO 21724 --- [PL] [restartedMain] o.s.o.j.p.SpringPersistenceUnitInfo      : No LoadTimeWeaver setup: ignoring JPA class transformer
2025-01-09T20:55:02.801+09:00  INFO 21724 --- [PL] [restartedMain] com.zaxxer.hikari.HikariDataSource       : HikariPool-3 - Starting...
2025-01-09T20:55:02.813+09:00  INFO 21724 --- [PL] [restartedMain] com.zaxxer.hikari.pool.HikariPool        : HikariPool-3 - Added connection com.mysql.cj.jdbc.ConnectionImpl@399351c6
2025-01-09T20:55:02.813+09:00  INFO 21724 --- [PL] [restartedMain] com.zaxxer.hikari.HikariDataSource       : HikariPool-3 - Start completed.
2025-01-09T20:55:02.815+09:00  WARN 21724 --- [PL] [restartedMain] org.hibernate.orm.deprecation            : HHH90000025: MySQLDialect does not need to be specified explicitly using 'hibernate.dialect' (remove the property setting and it will be selected by default)
2025-01-09T20:55:02.888+09:00  INFO 21724 --- [PL] [restartedMain] o.h.e.t.j.p.i.JtaPlatformInitiator       : HHH000489: No JTA platform available (set 'hibernate.transaction.jta.platform' to enable JTA platform integration)
2025-01-09T20:55:02.909+09:00  INFO 21724 --- [PL] [restartedMain] j.LocalContainerEntityManagerFactoryBean : Initialized JPA EntityManagerFactory for persistence unit 'default'
2025-01-09T20:55:11.306+09:00  WARN 21724 --- [PL] [restartedMain] JpaBaseConfiguration$JpaWebConfiguration : spring.jpa.open-in-view is enabled by default. Therefore, database queries may be performed during view rendering. Explicitly configure spring.jpa.open-in-view to disable this warning
2025-01-09T20:55:11.384+09:00  INFO 21724 --- [PL] [restartedMain] o.s.b.d.a.OptionalLiveReloadServer       : LiveReload server is running on port 35729
2025-01-09T20:55:11.394+09:00  INFO 21724 --- [PL] [restartedMain] o.s.b.w.embedded.tomcat.TomcatWebServer  : Tomcat started on port 8080 (http) with context path ''
2025-01-09T20:55:11.394+09:00  INFO 21724 --- [PL] [restartedMain] o.s.m.s.b.SimpleBrokerMessageHandler     : Starting...
2025-01-09T20:55:11.394+09:00  INFO 21724 --- [PL] [restartedMain] o.s.m.s.b.SimpleBrokerMessageHandler     : BrokerAvailabilityEvent[available=true, SimpleBrokerMessageHandler [org.springframework.messaging.simp.broker.DefaultSubscriptionRegistry@6c7d0edc]]
2025-01-09T20:55:11.394+09:00  INFO 21724 --- [PL] [restartedMain] o.s.m.s.b.SimpleBrokerMessageHandler     : Started.
2025-01-09T20:55:11.397+09:00  INFO 21724 --- [PL] [restartedMain] com.example.football.Application         : Started Application in 8.906 seconds (process running for 368.19)
2025-01-09T20:55:11.398+09:00  INFO 21724 --- [PL] [restartedMain] .ConditionEvaluationDeltaLoggingListener : Condition evaluation unchanged
2025-01-09T20:55:36.938+09:00  INFO 21724 --- [PL] [http-nio-0.0.0.0-8080-exec-1] o.a.c.c.C.[Tomcat].[localhost].[/]       : Initializing Spring DispatcherServlet 'dispatcherServlet'
2025-01-09T20:55:36.938+09:00  INFO 21724 --- [PL] [http-nio-0.0.0.0-8080-exec-1] o.s.web.servlet.DispatcherServlet        : Initializing Servlet 'dispatcherServlet'
2025-01-09T20:55:36.939+09:00  INFO 21724 --- [PL] [http-nio-0.0.0.0-8080-exec-1] o.s.web.servlet.DispatcherServlet        : Completed initialization in 1 ms
2025-01-09T20:55:44.820+09:00  INFO 21724 --- [PL] [http-nio-0.0.0.0-8080-exec-3] o.apache.coyote.http11.Http11Processor   : Error parsing HTTP request header
 Note: further occurrences of HTTP request parsing errors will be logged at DEBUG level.

java.lang.IllegalArgumentException: Invalid character found in method name [0x160x030x010x060xd20x010x000x060xce0x030x03t0x11t0x1b0xdfP0xd10xb0d0xbc0x920xa20xe65z0xc30x99d0x0a'0x820xb30xd50x1120xff0x0e0xe70x1d0x170xf10xb9 ]. HTTP method names must be tokens
	at org.apache.coyote.http11.Http11InputBuffer.parseRequestLine(Http11InputBuffer.java:407) ~[tomcat-embed-core-10.1.30.jar:10.1.30]
	at org.apache.coyote.http11.Http11Processor.service(Http11Processor.java:257) ~[tomcat-embed-core-10.1.30.jar:10.1.30]
	at org.apache.coyote.AbstractProcessorLight.process(AbstractProcessorLight.java:63) ~[tomcat-embed-core-10.1.30.jar:10.1.30]
	at org.apache.coyote.AbstractProtocol$ConnectionHandler.process(AbstractProtocol.java:905) ~[tomcat-embed-core-10.1.30.jar:10.1.30]
	at org.apache.tomcat.util.net.NioEndpoint$SocketProcessor.doRun(NioEndpoint.java:1741) ~[tomcat-embed-core-10.1.30.jar:10.1.30]
	at org.apache.tomcat.util.net.SocketProcessorBase.run(SocketProcessorBase.java:52) ~[tomcat-embed-core-10.1.30.jar:10.1.30]
	at org.apache.tomcat.util.threads.ThreadPoolExecutor.runWorker(ThreadPoolExecutor.java:1190) ~[tomcat-embed-core-10.1.30.jar:10.1.30]
	at org.apache.tomcat.util.threads.ThreadPoolExecutor$Worker.run(ThreadPoolExecutor.java:659) ~[tomcat-embed-core-10.1.30.jar:10.1.30]
	at org.apache.tomcat.util.threads.TaskThread$WrappingRunnable.run(TaskThread.java:63) ~[tomcat-embed-core-10.1.30.jar:10.1.30]
	at java.base/java.lang.Thread.run(Thread.java:1575) ~[na:na]

2025-01-09T20:56:11.390+09:00  INFO 21724 --- [PL] [MessageBroker-3] o.s.w.s.c.WebSocketMessageBrokerStats    : WebSocketSession[0 current WS(0)-HttpStream(0)-HttpPoll(0), 0 total, 0 closed abnormally (0 connect failure, 0 send limit, 0 transport error)], stompSubProtocol[processed CONNECT(0)-CONNECTED(0)-DISCONNECT(0)], stompBrokerRelay[null], inboundChannel[pool size = 0, active threads = 0, queued tasks = 0, completed tasks = 0], outboundChannel[pool size = 0, active threads = 0, queued tasks = 0, completed tasks = 0], sockJsScheduler[pool size = 6, active threads = 1, queued tasks = 3, completed tasks = 8]
2025-01-09T20:59:49.044+09:00  INFO 21724 --- [PL] [File Watcher] rtingClassPathChangeChangedEventListener : Restarting due to 54 class path changes (0 additions, 0 deletions, 54 modifications)
2025-01-09T20:59:49.045+09:00  INFO 21724 --- [PL] [Thread-11] o.s.m.s.b.SimpleBrokerMessageHandler     : Stopping...
2025-01-09T20:59:49.045+09:00  INFO 21724 --- [PL] [Thread-11] o.s.m.s.b.SimpleBrokerMessageHandler     : BrokerAvailabilityEvent[available=false, SimpleBrokerMessageHandler [org.springframework.messaging.simp.broker.DefaultSubscriptionRegistry@6c7d0edc]]
2025-01-09T20:59:49.045+09:00  INFO 21724 --- [PL] [Thread-11] o.s.m.s.b.SimpleBrokerMessageHandler     : Stopped.
2025-01-09T20:59:49.048+09:00  INFO 21724 --- [PL] [Thread-11] j.LocalContainerEntityManagerFactoryBean : Closing JPA EntityManagerFactory for persistence unit 'default'
2025-01-09T20:59:49.050+09:00  INFO 21724 --- [PL] [Thread-11] com.zaxxer.hikari.HikariDataSource       : HikariPool-3 - Shutdown initiated...
2025-01-09T20:59:49.051+09:00  INFO 21724 --- [PL] [Thread-11] com.zaxxer.hikari.HikariDataSource       : HikariPool-3 - Shutdown completed.
2025-01-09T20:59:49.111+09:00  INFO 21724 --- [PL] [restartedMain] com.example.football.Application         : Starting Application using Java 23.0.1 with PID 21724 (C:\Users\W10\Desktop\PL Project\PL\target\classes started by W10 in C:\Users\W10\Desktop\PL Project\PL)
2025-01-09T20:59:49.111+09:00  INFO 21724 --- [PL] [restartedMain] com.example.football.Application         : No active profile set, falling back to 1 default profile: "default"
2025-01-09T20:59:49.222+09:00  INFO 21724 --- [PL] [restartedMain] .s.d.r.c.RepositoryConfigurationDelegate : Bootstrapping Spring Data JPA repositories in DEFAULT mode.
2025-01-09T20:59:49.234+09:00  INFO 21724 --- [PL] [restartedMain] .s.d.r.c.RepositoryConfigurationDelegate : Finished Spring Data repository scanning in 11 ms. Found 7 JPA repository interfaces.
2025-01-09T20:59:49.294+09:00  INFO 21724 --- [PL] [restartedMain] o.s.b.w.embedded.tomcat.TomcatWebServer  : Tomcat initialized with port 8080 (http)
2025-01-09T20:59:49.295+09:00  INFO 21724 --- [PL] [restartedMain] o.apache.catalina.core.StandardService   : Starting service [Tomcat]
2025-01-09T20:59:49.295+09:00  INFO 21724 --- [PL] [restartedMain] o.apache.catalina.core.StandardEngine    : Starting Servlet engine: [Apache Tomcat/10.1.30]
2025-01-09T20:59:49.312+09:00  INFO 21724 --- [PL] [restartedMain] o.a.c.c.C.[Tomcat].[localhost].[/]       : Initializing Spring embedded WebApplicationContext
2025-01-09T20:59:49.313+09:00  INFO 21724 --- [PL] [restartedMain] w.s.c.ServletWebServerApplicationContext : Root WebApplicationContext: initialization completed in 201 ms
2025-01-09T20:59:49.337+09:00  INFO 21724 --- [PL] [restartedMain] o.hibernate.jpa.internal.util.LogHelper  : HHH000204: Processing PersistenceUnitInfo [name: default]
2025-01-09T20:59:49.339+09:00  INFO 21724 --- [PL] [restartedMain] o.h.c.internal.RegionFactoryInitiator    : HHH000026: Second-level cache disabled
2025-01-09T20:59:49.342+09:00  INFO 21724 --- [PL] [restartedMain] o.s.o.j.p.SpringPersistenceUnitInfo      : No LoadTimeWeaver setup: ignoring JPA class transformer
2025-01-09T20:59:49.343+09:00  INFO 21724 --- [PL] [restartedMain] com.zaxxer.hikari.HikariDataSource       : HikariPool-4 - Starting...
2025-01-09T20:59:49.354+09:00  INFO 21724 --- [PL] [restartedMain] com.zaxxer.hikari.pool.HikariPool        : HikariPool-4 - Added connection com.mysql.cj.jdbc.ConnectionImpl@7b26605b
2025-01-09T20:59:49.354+09:00  INFO 21724 --- [PL] [restartedMain] com.zaxxer.hikari.HikariDataSource       : HikariPool-4 - Start completed.
2025-01-09T20:59:49.355+09:00  WARN 21724 --- [PL] [restartedMain] org.hibernate.orm.deprecation            : HHH90000025: MySQLDialect does not need to be specified explicitly using 'hibernate.dialect' (remove the property setting and it will be selected by default)
2025-01-09T20:59:49.419+09:00  INFO 21724 --- [PL] [restartedMain] o.h.e.t.j.p.i.JtaPlatformInitiator       : HHH000489: No JTA platform available (set 'hibernate.transaction.jta.platform' to enable JTA platform integration)
2025-01-09T20:59:49.438+09:00  INFO 21724 --- [PL] [restartedMain] j.LocalContainerEntityManagerFactoryBean : Initialized JPA EntityManagerFactory for persistence unit 'default'
2025-01-09T20:59:52.185+09:00  WARN 21724 --- [PL] [restartedMain] JpaBaseConfiguration$JpaWebConfiguration : spring.jpa.open-in-view is enabled by default. Therefore, database queries may be performed during view rendering. Explicitly configure spring.jpa.open-in-view to disable this warning
2025-01-09T20:59:52.253+09:00  INFO 21724 --- [PL] [restartedMain] o.s.b.d.a.OptionalLiveReloadServer       : LiveReload server is running on port 35729
2025-01-09T20:59:52.262+09:00  INFO 21724 --- [PL] [restartedMain] o.s.b.w.embedded.tomcat.TomcatWebServer  : Tomcat started on port 8080 (http) with context path ''
2025-01-09T20:59:52.262+09:00  INFO 21724 --- [PL] [restartedMain] o.s.m.s.b.SimpleBrokerMessageHandler     : Starting...
2025-01-09T20:59:52.262+09:00  INFO 21724 --- [PL] [restartedMain] o.s.m.s.b.SimpleBrokerMessageHandler     : BrokerAvailabilityEvent[available=true, SimpleBrokerMessageHandler [org.springframework.messaging.simp.broker.DefaultSubscriptionRegistry@7f89dc6a]]
2025-01-09T20:59:52.262+09:00  INFO 21724 --- [PL] [restartedMain] o.s.m.s.b.SimpleBrokerMessageHandler     : Started.
2025-01-09T20:59:52.265+09:00  INFO 21724 --- [PL] [restartedMain] com.example.football.Application         : Started Application in 3.17 seconds (process running for 649.059)
2025-01-09T20:59:52.266+09:00  INFO 21724 --- [PL] [restartedMain] .ConditionEvaluationDeltaLoggingListener : Condition evaluation unchanged
2025-01-09T21:00:52.259+09:00  INFO 21724 --- [PL] [MessageBroker-6] o.s.w.s.c.WebSocketMessageBrokerStats    : WebSocketSession[0 current WS(0)-HttpStream(0)-HttpPoll(0), 0 total, 0 closed abnormally (0 connect failure, 0 send limit, 0 transport error)], stompSubProtocol[processed CONNECT(0)-CONNECTED(0)-DISCONNECT(0)], stompBrokerRelay[null], inboundChannel[pool size = 0, active threads = 0, queued tasks = 0, completed tasks = 0], outboundChannel[pool size = 0, active threads = 0, queued tasks = 0, completed tasks = 0], sockJsScheduler[pool size = 6, active threads = 1, queued tasks = 3, completed tasks = 8]
2025-01-09T21:04:07.950+09:00  INFO 21724 --- [PL] [File Watcher] rtingClassPathChangeChangedEventListener : Restarting due to 54 class path changes (0 additions, 0 deletions, 54 modifications)
2025-01-09T21:04:07.957+09:00  INFO 21724 --- [PL] [Thread-15] o.s.m.s.b.SimpleBrokerMessageHandler     : Stopping...
2025-01-09T21:04:07.957+09:00  INFO 21724 --- [PL] [Thread-15] o.s.m.s.b.SimpleBrokerMessageHandler     : BrokerAvailabilityEvent[available=false, SimpleBrokerMessageHandler [org.springframework.messaging.simp.broker.DefaultSubscriptionRegistry@7f89dc6a]]
2025-01-09T21:04:07.957+09:00  INFO 21724 --- [PL] [Thread-15] o.s.m.s.b.SimpleBrokerMessageHandler     : Stopped.
2025-01-09T21:04:08.117+09:00  INFO 21724 --- [PL] [Thread-15] j.LocalContainerEntityManagerFactoryBean : Closing JPA EntityManagerFactory for persistence unit 'default'
2025-01-09T21:04:08.118+09:00  INFO 21724 --- [PL] [Thread-15] com.zaxxer.hikari.HikariDataSource       : HikariPool-4 - Shutdown initiated...
2025-01-09T21:04:08.121+09:00  INFO 21724 --- [PL] [Thread-15] com.zaxxer.hikari.HikariDataSource       : HikariPool-4 - Shutdown completed.
2025-01-09T21:04:08.247+09:00  INFO 21724 --- [PL] [restartedMain] com.example.football.Application         : Starting Application using Java 23.0.1 with PID 21724 (C:\Users\W10\Desktop\PL Project\PL\target\classes started by W10 in C:\Users\W10\Desktop\PL Project\PL)
2025-01-09T21:04:08.247+09:00  INFO 21724 --- [PL] [restartedMain] com.example.football.Application         : No active profile set, falling back to 1 default profile: "default"
2025-01-09T21:04:08.399+09:00  INFO 21724 --- [PL] [restartedMain] .s.d.r.c.RepositoryConfigurationDelegate : Bootstrapping Spring Data JPA repositories in DEFAULT mode.
2025-01-09T21:04:08.414+09:00  INFO 21724 --- [PL] [restartedMain] .s.d.r.c.RepositoryConfigurationDelegate : Finished Spring Data repository scanning in 14 ms. Found 7 JPA repository interfaces.
2025-01-09T21:04:08.502+09:00  INFO 21724 --- [PL] [restartedMain] o.s.b.w.embedded.tomcat.TomcatWebServer  : Tomcat initialized with port 8080 (http)
2025-01-09T21:04:08.503+09:00  INFO 21724 --- [PL] [restartedMain] o.apache.catalina.core.StandardService   : Starting service [Tomcat]
2025-01-09T21:04:08.503+09:00  INFO 21724 --- [PL] [restartedMain] o.apache.catalina.core.StandardEngine    : Starting Servlet engine: [Apache Tomcat/10.1.30]
2025-01-09T21:04:08.539+09:00  INFO 21724 --- [PL] [restartedMain] o.a.c.c.C.[Tomcat].[localhost].[/]       : Initializing Spring embedded WebApplicationContext
2025-01-09T21:04:08.539+09:00  INFO 21724 --- [PL] [restartedMain] w.s.c.ServletWebServerApplicationContext : Root WebApplicationContext: initialization completed in 290 ms
2025-01-09T21:04:08.572+09:00  INFO 21724 --- [PL] [restartedMain] o.hibernate.jpa.internal.util.LogHelper  : HHH000204: Processing PersistenceUnitInfo [name: default]
2025-01-09T21:04:08.574+09:00  INFO 21724 --- [PL] [restartedMain] o.h.c.internal.RegionFactoryInitiator    : HHH000026: Second-level cache disabled
2025-01-09T21:04:08.578+09:00  INFO 21724 --- [PL] [restartedMain] o.s.o.j.p.SpringPersistenceUnitInfo      : No LoadTimeWeaver setup: ignoring JPA class transformer
2025-01-09T21:04:08.579+09:00  INFO 21724 --- [PL] [restartedMain] com.zaxxer.hikari.HikariDataSource       : HikariPool-5 - Starting...
2025-01-09T21:04:08.591+09:00  INFO 21724 --- [PL] [restartedMain] com.zaxxer.hikari.pool.HikariPool        : HikariPool-5 - Added connection com.mysql.cj.jdbc.ConnectionImpl@56c6f66c
2025-01-09T21:04:08.591+09:00  INFO 21724 --- [PL] [restartedMain] com.zaxxer.hikari.HikariDataSource       : HikariPool-5 - Start completed.
2025-01-09T21:04:08.592+09:00  WARN 21724 --- [PL] [restartedMain] org.hibernate.orm.deprecation            : HHH90000025: MySQLDialect does not need to be specified explicitly using 'hibernate.dialect' (remove the property setting and it will be selected by default)
2025-01-09T21:04:08.664+09:00  INFO 21724 --- [PL] [restartedMain] o.h.e.t.j.p.i.JtaPlatformInitiator       : HHH000489: No JTA platform available (set 'hibernate.transaction.jta.platform' to enable JTA platform integration)
2025-01-09T21:04:08.685+09:00  INFO 21724 --- [PL] [restartedMain] j.LocalContainerEntityManagerFactoryBean : Initialized JPA EntityManagerFactory for persistence unit 'default'
2025-01-09T21:04:12.021+09:00  WARN 21724 --- [PL] [restartedMain] JpaBaseConfiguration$JpaWebConfiguration : spring.jpa.open-in-view is enabled by default. Therefore, database queries may be performed during view rendering. Explicitly configure spring.jpa.open-in-view to disable this warning
2025-01-09T21:04:12.099+09:00  INFO 21724 --- [PL] [restartedMain] o.s.b.d.a.OptionalLiveReloadServer       : LiveReload server is running on port 35729
2025-01-09T21:04:12.108+09:00  INFO 21724 --- [PL] [restartedMain] o.s.b.w.embedded.tomcat.TomcatWebServer  : Tomcat started on port 8080 (http) with context path ''
2025-01-09T21:04:12.108+09:00  INFO 21724 --- [PL] [restartedMain] o.s.m.s.b.SimpleBrokerMessageHandler     : Starting...
2025-01-09T21:04:12.108+09:00  INFO 21724 --- [PL] [restartedMain] o.s.m.s.b.SimpleBrokerMessageHandler     : BrokerAvailabilityEvent[available=true, SimpleBrokerMessageHandler [org.springframework.messaging.simp.broker.DefaultSubscriptionRegistry@2af2f7a8]]
2025-01-09T21:04:12.109+09:00  INFO 21724 --- [PL] [restartedMain] o.s.m.s.b.SimpleBrokerMessageHandler     : Started.
2025-01-09T21:04:12.111+09:00  INFO 21724 --- [PL] [restartedMain] com.example.football.Application         : Started Application in 3.892 seconds (process running for 908.905)
2025-01-09T21:04:12.112+09:00  INFO 21724 --- [PL] [restartedMain] .ConditionEvaluationDeltaLoggingListener : Condition evaluation unchanged
2025-01-09T21:05:12.105+09:00  INFO 21724 --- [PL] [MessageBroker-5] o.s.w.s.c.WebSocketMessageBrokerStats    : WebSocketSession[0 current WS(0)-HttpStream(0)-HttpPoll(0), 0 total, 0 closed abnormally (0 connect failure, 0 send limit, 0 transport error)], stompSubProtocol[processed CONNECT(0)-CONNECTED(0)-DISCONNECT(0)], stompBrokerRelay[null], inboundChannel[pool size = 0, active threads = 0, queued tasks = 0, completed tasks = 0], outboundChannel[pool size = 0, active threads = 0, queued tasks = 0, completed tasks = 0], sockJsScheduler[pool size = 6, active threads = 1, queued tasks = 3, completed tasks = 8]
2025-01-09T21:08:02.143+09:00  INFO 21724 --- [PL] [File Watcher] rtingClassPathChangeChangedEventListener : Restarting due to 54 class path changes (0 additions, 0 deletions, 54 modifications)
2025-01-09T21:08:02.144+09:00  INFO 21724 --- [PL] [Thread-19] o.s.m.s.b.SimpleBrokerMessageHandler     : Stopping...
2025-01-09T21:08:02.144+09:00  INFO 21724 --- [PL] [Thread-19] o.s.m.s.b.SimpleBrokerMessageHandler     : BrokerAvailabilityEvent[available=false, SimpleBrokerMessageHandler [org.springframework.messaging.simp.broker.DefaultSubscriptionRegistry@2af2f7a8]]
2025-01-09T21:08:02.144+09:00  INFO 21724 --- [PL] [Thread-19] o.s.m.s.b.SimpleBrokerMessageHandler     : Stopped.
2025-01-09T21:08:02.148+09:00  INFO 21724 --- [PL] [Thread-19] j.LocalContainerEntityManagerFactoryBean : Closing JPA EntityManagerFactory for persistence unit 'default'
2025-01-09T21:08:02.148+09:00  INFO 21724 --- [PL] [Thread-19] com.zaxxer.hikari.HikariDataSource       : HikariPool-5 - Shutdown initiated...
2025-01-09T21:08:02.150+09:00  INFO 21724 --- [PL] [Thread-19] com.zaxxer.hikari.HikariDataSource       : HikariPool-5 - Shutdown completed.
2025-01-09T21:08:02.207+09:00  INFO 21724 --- [PL] [restartedMain] com.example.football.Application         : Starting Application using Java 23.0.1 with PID 21724 (C:\Users\W10\Desktop\PL Project\PL\target\classes started by W10 in C:\Users\W10\Desktop\PL Project\PL)
2025-01-09T21:08:02.207+09:00  INFO 21724 --- [PL] [restartedMain] com.example.football.Application         : No active profile set, falling back to 1 default profile: "default"
2025-01-09T21:08:02.318+09:00  INFO 21724 --- [PL] [restartedMain] .s.d.r.c.RepositoryConfigurationDelegate : Bootstrapping Spring Data JPA repositories in DEFAULT mode.
2025-01-09T21:08:02.330+09:00  INFO 21724 --- [PL] [restartedMain] .s.d.r.c.RepositoryConfigurationDelegate : Finished Spring Data repository scanning in 11 ms. Found 7 JPA repository interfaces.
2025-01-09T21:08:02.392+09:00  INFO 21724 --- [PL] [restartedMain] o.s.b.w.embedded.tomcat.TomcatWebServer  : Tomcat initialized with port 8080 (http)
2025-01-09T21:08:02.392+09:00  INFO 21724 --- [PL] [restartedMain] o.apache.catalina.core.StandardService   : Starting service [Tomcat]
2025-01-09T21:08:02.392+09:00  INFO 21724 --- [PL] [restartedMain] o.apache.catalina.core.StandardEngine    : Starting Servlet engine: [Apache Tomcat/10.1.30]
2025-01-09T21:08:02.410+09:00  INFO 21724 --- [PL] [restartedMain] o.a.c.c.C.[Tomcat].[localhost].[/]       : Initializing Spring embedded WebApplicationContext
2025-01-09T21:08:02.410+09:00  INFO 21724 --- [PL] [restartedMain] w.s.c.ServletWebServerApplicationContext : Root WebApplicationContext: initialization completed in 202 ms
2025-01-09T21:08:02.434+09:00  INFO 21724 --- [PL] [restartedMain] o.hibernate.jpa.internal.util.LogHelper  : HHH000204: Processing PersistenceUnitInfo [name: default]
2025-01-09T21:08:02.436+09:00  INFO 21724 --- [PL] [restartedMain] o.h.c.internal.RegionFactoryInitiator    : HHH000026: Second-level cache disabled
2025-01-09T21:08:02.439+09:00  INFO 21724 --- [PL] [restartedMain] o.s.o.j.p.SpringPersistenceUnitInfo      : No LoadTimeWeaver setup: ignoring JPA class transformer
2025-01-09T21:08:02.439+09:00  INFO 21724 --- [PL] [restartedMain] com.zaxxer.hikari.HikariDataSource       : HikariPool-6 - Starting...
2025-01-09T21:08:02.451+09:00  INFO 21724 --- [PL] [restartedMain] com.zaxxer.hikari.pool.HikariPool        : HikariPool-6 - Added connection com.mysql.cj.jdbc.ConnectionImpl@6c1de9bb
2025-01-09T21:08:02.451+09:00  INFO 21724 --- [PL] [restartedMain] com.zaxxer.hikari.HikariDataSource       : HikariPool-6 - Start completed.
2025-01-09T21:08:02.452+09:00  WARN 21724 --- [PL] [restartedMain] org.hibernate.orm.deprecation            : HHH90000025: MySQLDialect does not need to be specified explicitly using 'hibernate.dialect' (remove the property setting and it will be selected by default)
2025-01-09T21:08:02.514+09:00  INFO 21724 --- [PL] [restartedMain] o.h.e.t.j.p.i.JtaPlatformInitiator       : HHH000489: No JTA platform available (set 'hibernate.transaction.jta.platform' to enable JTA platform integration)
2025-01-09T21:08:02.533+09:00  INFO 21724 --- [PL] [restartedMain] j.LocalContainerEntityManagerFactoryBean : Initialized JPA EntityManagerFactory for persistence unit 'default'
2025-01-09T21:08:11.028+09:00  WARN 21724 --- [PL] [restartedMain] JpaBaseConfiguration$JpaWebConfiguration : spring.jpa.open-in-view is enabled by default. Therefore, database queries may be performed during view rendering. Explicitly configure spring.jpa.open-in-view to disable this warning
2025-01-09T21:08:11.092+09:00  INFO 21724 --- [PL] [restartedMain] o.s.b.d.a.OptionalLiveReloadServer       : LiveReload server is running on port 35729
2025-01-09T21:08:11.101+09:00  INFO 21724 --- [PL] [restartedMain] o.s.b.w.embedded.tomcat.TomcatWebServer  : Tomcat started on port 8080 (http) with context path ''
2025-01-09T21:08:11.102+09:00  INFO 21724 --- [PL] [restartedMain] o.s.m.s.b.SimpleBrokerMessageHandler     : Starting...
2025-01-09T21:08:11.102+09:00  INFO 21724 --- [PL] [restartedMain] o.s.m.s.b.SimpleBrokerMessageHandler     : BrokerAvailabilityEvent[available=true, SimpleBrokerMessageHandler [org.springframework.messaging.simp.broker.DefaultSubscriptionRegistry@64c92b01]]
2025-01-09T21:08:11.102+09:00  INFO 21724 --- [PL] [restartedMain] o.s.m.s.b.SimpleBrokerMessageHandler     : Started.
2025-01-09T21:08:11.105+09:00  INFO 21724 --- [PL] [restartedMain] com.example.football.Application         : Started Application in 8.913 seconds (process running for 1147.898)
2025-01-09T21:08:11.106+09:00  INFO 21724 --- [PL] [restartedMain] .ConditionEvaluationDeltaLoggingListener : Condition evaluation unchanged
2025-01-09T21:09:11.098+09:00  INFO 21724 --- [PL] [MessageBroker-5] o.s.w.s.c.WebSocketMessageBrokerStats    : WebSocketSession[0 current WS(0)-HttpStream(0)-HttpPoll(0), 0 total, 0 closed abnormally (0 connect failure, 0 send limit, 0 transport error)], stompSubProtocol[processed CONNECT(0)-CONNECTED(0)-DISCONNECT(0)], stompBrokerRelay[null], inboundChannel[pool size = 0, active threads = 0, queued tasks = 0, completed tasks = 0], outboundChannel[pool size = 0, active threads = 0, queued tasks = 0, completed tasks = 0], sockJsScheduler[pool size = 6, active threads = 1, queued tasks = 3, completed tasks = 8]
2025-01-09T21:09:26.388+09:00  INFO 21724 --- [PL] [File Watcher] rtingClassPathChangeChangedEventListener : Restarting due to 3 class path changes (0 additions, 0 deletions, 3 modifications)
2025-01-09T21:09:26.389+09:00  INFO 21724 --- [PL] [Thread-23] o.s.m.s.b.SimpleBrokerMessageHandler     : Stopping...
2025-01-09T21:09:26.389+09:00  INFO 21724 --- [PL] [Thread-23] o.s.m.s.b.SimpleBrokerMessageHandler     : BrokerAvailabilityEvent[available=false, SimpleBrokerMessageHandler [org.springframework.messaging.simp.broker.DefaultSubscriptionRegistry@64c92b01]]
2025-01-09T21:09:26.389+09:00  INFO 21724 --- [PL] [Thread-23] o.s.m.s.b.SimpleBrokerMessageHandler     : Stopped.
2025-01-09T21:09:26.392+09:00  INFO 21724 --- [PL] [Thread-23] j.LocalContainerEntityManagerFactoryBean : Closing JPA EntityManagerFactory for persistence unit 'default'
2025-01-09T21:09:26.393+09:00  INFO 21724 --- [PL] [Thread-23] com.zaxxer.hikari.HikariDataSource       : HikariPool-6 - Shutdown initiated...
2025-01-09T21:09:26.395+09:00  INFO 21724 --- [PL] [Thread-23] com.zaxxer.hikari.HikariDataSource       : HikariPool-6 - Shutdown completed.
2025-01-09T21:09:26.449+09:00  INFO 21724 --- [PL] [restartedMain] com.example.football.Application         : Starting Application using Java 23.0.1 with PID 21724 (C:\Users\W10\Desktop\PL Project\PL\target\classes started by W10 in C:\Users\W10\Desktop\PL Project\PL)
2025-01-09T21:09:26.449+09:00  INFO 21724 --- [PL] [restartedMain] com.example.football.Application         : No active profile set, falling back to 1 default profile: "default"
2025-01-09T21:09:26.566+09:00  INFO 21724 --- [PL] [restartedMain] .s.d.r.c.RepositoryConfigurationDelegate : Bootstrapping Spring Data JPA repositories in DEFAULT mode.
2025-01-09T21:09:26.579+09:00  INFO 21724 --- [PL] [restartedMain] .s.d.r.c.RepositoryConfigurationDelegate : Finished Spring Data repository scanning in 11 ms. Found 7 JPA repository interfaces.
2025-01-09T21:09:26.641+09:00  INFO 21724 --- [PL] [restartedMain] o.s.b.w.embedded.tomcat.TomcatWebServer  : Tomcat initialized with port 8080 (http)
2025-01-09T21:09:26.641+09:00  INFO 21724 --- [PL] [restartedMain] o.apache.catalina.core.StandardService   : Starting service [Tomcat]
2025-01-09T21:09:26.641+09:00  INFO 21724 --- [PL] [restartedMain] o.apache.catalina.core.StandardEngine    : Starting Servlet engine: [Apache Tomcat/10.1.30]
2025-01-09T21:09:26.659+09:00  INFO 21724 --- [PL] [restartedMain] o.a.c.c.C.[Tomcat].[localhost].[/]       : Initializing Spring embedded WebApplicationContext
2025-01-09T21:09:26.659+09:00  INFO 21724 --- [PL] [restartedMain] w.s.c.ServletWebServerApplicationContext : Root WebApplicationContext: initialization completed in 208 ms
2025-01-09T21:09:26.683+09:00  INFO 21724 --- [PL] [restartedMain] o.hibernate.jpa.internal.util.LogHelper  : HHH000204: Processing PersistenceUnitInfo [name: default]
2025-01-09T21:09:26.685+09:00  INFO 21724 --- [PL] [restartedMain] o.h.c.internal.RegionFactoryInitiator    : HHH000026: Second-level cache disabled
2025-01-09T21:09:26.687+09:00  INFO 21724 --- [PL] [restartedMain] o.s.o.j.p.SpringPersistenceUnitInfo      : No LoadTimeWeaver setup: ignoring JPA class transformer
2025-01-09T21:09:26.688+09:00  INFO 21724 --- [PL] [restartedMain] com.zaxxer.hikari.HikariDataSource       : HikariPool-7 - Starting...
2025-01-09T21:09:26.699+09:00  INFO 21724 --- [PL] [restartedMain] com.zaxxer.hikari.pool.HikariPool        : HikariPool-7 - Added connection com.mysql.cj.jdbc.ConnectionImpl@4b8315a9
2025-01-09T21:09:26.700+09:00  INFO 21724 --- [PL] [restartedMain] com.zaxxer.hikari.HikariDataSource       : HikariPool-7 - Start completed.
2025-01-09T21:09:26.700+09:00  WARN 21724 --- [PL] [restartedMain] org.hibernate.orm.deprecation            : HHH90000025: MySQLDialect does not need to be specified explicitly using 'hibernate.dialect' (remove the property setting and it will be selected by default)
2025-01-09T21:09:26.762+09:00  INFO 21724 --- [PL] [restartedMain] o.h.e.t.j.p.i.JtaPlatformInitiator       : HHH000489: No JTA platform available (set 'hibernate.transaction.jta.platform' to enable JTA platform integration)
2025-01-09T21:09:26.781+09:00  INFO 21724 --- [PL] [restartedMain] j.LocalContainerEntityManagerFactoryBean : Initialized JPA EntityManagerFactory for persistence unit 'default'
2025-01-09T21:09:29.482+09:00  WARN 21724 --- [PL] [restartedMain] JpaBaseConfiguration$JpaWebConfiguration : spring.jpa.open-in-view is enabled by default. Therefore, database queries may be performed during view rendering. Explicitly configure spring.jpa.open-in-view to disable this warning
2025-01-09T21:09:29.550+09:00  INFO 21724 --- [PL] [restartedMain] o.s.b.d.a.OptionalLiveReloadServer       : LiveReload server is running on port 35729
2025-01-09T21:09:29.558+09:00  INFO 21724 --- [PL] [restartedMain] o.s.b.w.embedded.tomcat.TomcatWebServer  : Tomcat started on port 8080 (http) with context path ''
2025-01-09T21:09:29.559+09:00  INFO 21724 --- [PL] [restartedMain] o.s.m.s.b.SimpleBrokerMessageHandler     : Starting...
2025-01-09T21:09:29.559+09:00  INFO 21724 --- [PL] [restartedMain] o.s.m.s.b.SimpleBrokerMessageHandler     : BrokerAvailabilityEvent[available=true, SimpleBrokerMessageHandler [org.springframework.messaging.simp.broker.DefaultSubscriptionRegistry@1e6bd12a]]
2025-01-09T21:09:29.559+09:00  INFO 21724 --- [PL] [restartedMain] o.s.m.s.b.SimpleBrokerMessageHandler     : Started.
2025-01-09T21:09:29.561+09:00  INFO 21724 --- [PL] [restartedMain] com.example.football.Application         : Started Application in 3.127 seconds (process running for 1226.355)
2025-01-09T21:09:29.563+09:00  INFO 21724 --- [PL] [restartedMain] .ConditionEvaluationDeltaLoggingListener : Condition evaluation unchanged
2025-01-09T21:09:42.570+09:00  INFO 21724 --- [PL] [http-nio-0.0.0.0-8080-exec-1] o.a.c.c.C.[Tomcat].[localhost].[/]       : Initializing Spring DispatcherServlet 'dispatcherServlet'
2025-01-09T21:09:42.570+09:00  INFO 21724 --- [PL] [http-nio-0.0.0.0-8080-exec-1] o.s.web.servlet.DispatcherServlet        : Initializing Servlet 'dispatcherServlet'
2025-01-09T21:09:42.571+09:00  INFO 21724 --- [PL] [http-nio-0.0.0.0-8080-exec-1] o.s.web.servlet.DispatcherServlet        : Completed initialization in 1 ms
2025-01-09T21:09:48.690+09:00  INFO 21724 --- [PL] [http-nio-0.0.0.0-8080-exec-4] o.apache.coyote.http11.Http11Processor   : Error parsing HTTP request header
 Note: further occurrences of HTTP request parsing errors will be logged at DEBUG level.

java.lang.IllegalArgumentException: Invalid character found in method name [0x160x030x010x060xf20x010x000x060xee0x030x03.b0x170x110xcc0xff0x840xe0I0xb20x18:@0xbb0xeb0x040xedN0xdc&0xef<0x8e0xb60xeaC[0x8fq0xb9R0xde ]. HTTP method names must be tokens
	at org.apache.coyote.http11.Http11InputBuffer.parseRequestLine(Http11InputBuffer.java:407) ~[tomcat-embed-core-10.1.30.jar:10.1.30]
	at org.apache.coyote.http11.Http11Processor.service(Http11Processor.java:257) ~[tomcat-embed-core-10.1.30.jar:10.1.30]
	at org.apache.coyote.AbstractProcessorLight.process(AbstractProcessorLight.java:63) ~[tomcat-embed-core-10.1.30.jar:10.1.30]
	at org.apache.coyote.AbstractProtocol$ConnectionHandler.process(AbstractProtocol.java:905) ~[tomcat-embed-core-10.1.30.jar:10.1.30]
	at org.apache.tomcat.util.net.NioEndpoint$SocketProcessor.doRun(NioEndpoint.java:1741) ~[tomcat-embed-core-10.1.30.jar:10.1.30]
	at org.apache.tomcat.util.net.SocketProcessorBase.run(SocketProcessorBase.java:52) ~[tomcat-embed-core-10.1.30.jar:10.1.30]
	at org.apache.tomcat.util.threads.ThreadPoolExecutor.runWorker(ThreadPoolExecutor.java:1190) ~[tomcat-embed-core-10.1.30.jar:10.1.30]
	at org.apache.tomcat.util.threads.ThreadPoolExecutor$Worker.run(ThreadPoolExecutor.java:659) ~[tomcat-embed-core-10.1.30.jar:10.1.30]
	at org.apache.tomcat.util.threads.TaskThread$WrappingRunnable.run(TaskThread.java:63) ~[tomcat-embed-core-10.1.30.jar:10.1.30]
	at java.base/java.lang.Thread.run(Thread.java:1575) ~[na:na]

2025-01-09T21:09:48.691+09:00  INFO 21724 --- [PL] [http-nio-0.0.0.0-8080-exec-5] o.apache.coyote.http11.Http11Processor   : Error parsing HTTP request header
 Note: further occurrences of HTTP request parsing errors will be logged at DEBUG level.

java.lang.IllegalArgumentException: Invalid character found in method name [0x160x030x010x060xd20x010x000x060xce0x030x030xec50x960xeb0xddk\,00x83 ]. HTTP method names must be tokens
	at org.apache.coyote.http11.Http11InputBuffer.parseRequestLine(Http11InputBuffer.java:407) ~[tomcat-embed-core-10.1.30.jar:10.1.30]
	at org.apache.coyote.http11.Http11Processor.service(Http11Processor.java:257) ~[tomcat-embed-core-10.1.30.jar:10.1.30]
	at org.apache.coyote.AbstractProcessorLight.process(AbstractProcessorLight.java:63) ~[tomcat-embed-core-10.1.30.jar:10.1.30]
	at org.apache.coyote.AbstractProtocol$ConnectionHandler.process(AbstractProtocol.java:905) ~[tomcat-embed-core-10.1.30.jar:10.1.30]
	at org.apache.tomcat.util.net.NioEndpoint$SocketProcessor.doRun(NioEndpoint.java:1741) ~[tomcat-embed-core-10.1.30.jar:10.1.30]
	at org.apache.tomcat.util.net.SocketProcessorBase.run(SocketProcessorBase.java:52) ~[tomcat-embed-core-10.1.30.jar:10.1.30]
	at org.apache.tomcat.util.threads.ThreadPoolExecutor.runWorker(ThreadPoolExecutor.java:1190) ~[tomcat-embed-core-10.1.30.jar:10.1.30]
	at org.apache.tomcat.util.threads.ThreadPoolExecutor$Worker.run(ThreadPoolExecutor.java:659) ~[tomcat-embed-core-10.1.30.jar:10.1.30]
	at org.apache.tomcat.util.threads.TaskThread$WrappingRunnable.run(TaskThread.java:63) ~[tomcat-embed-core-10.1.30.jar:10.1.30]
	at java.base/java.lang.Thread.run(Thread.java:1575) ~[na:na]

2025-01-09T21:10:29.555+09:00  INFO 21724 --- [PL] [MessageBroker-5] o.s.w.s.c.WebSocketMessageBrokerStats    : WebSocketSession[0 current WS(0)-HttpStream(0)-HttpPoll(0), 0 total, 0 closed abnormally (0 connect failure, 0 send limit, 0 transport error)], stompSubProtocol[processed CONNECT(0)-CONNECTED(0)-DISCONNECT(0)], stompBrokerRelay[null], inboundChannel[pool size = 0, active threads = 0, queued tasks = 0, completed tasks = 0], outboundChannel[pool size = 0, active threads = 0, queued tasks = 0, completed tasks = 0], sockJsScheduler[pool size = 6, active threads = 1, queued tasks = 3, completed tasks = 8]
2025-01-09T21:10:41.787+09:00  INFO 21724 --- [PL] [File Watcher] rtingClassPathChangeChangedEventListener : Restarting due to 3 class path changes (0 additions, 0 deletions, 3 modifications)
2025-01-09T21:10:41.788+09:00  INFO 21724 --- [PL] [Thread-27] o.s.m.s.b.SimpleBrokerMessageHandler     : Stopping...
2025-01-09T21:10:41.788+09:00  INFO 21724 --- [PL] [Thread-27] o.s.m.s.b.SimpleBrokerMessageHandler     : BrokerAvailabilityEvent[available=false, SimpleBrokerMessageHandler [org.springframework.messaging.simp.broker.DefaultSubscriptionRegistry@1e6bd12a]]
2025-01-09T21:10:41.788+09:00  INFO 21724 --- [PL] [Thread-27] o.s.m.s.b.SimpleBrokerMessageHandler     : Stopped.
2025-01-09T21:10:41.792+09:00  INFO 21724 --- [PL] [Thread-27] j.LocalContainerEntityManagerFactoryBean : Closing JPA EntityManagerFactory for persistence unit 'default'
2025-01-09T21:10:41.792+09:00  INFO 21724 --- [PL] [Thread-27] com.zaxxer.hikari.HikariDataSource       : HikariPool-7 - Shutdown initiated...
2025-01-09T21:10:41.795+09:00  INFO 21724 --- [PL] [Thread-27] com.zaxxer.hikari.HikariDataSource       : HikariPool-7 - Shutdown completed.
2025-01-09T21:10:43.678+09:00  INFO 21724 --- [PL] [restartedMain] com.example.football.Application         : Starting Application using Java 23.0.1 with PID 21724 (C:\Users\W10\Desktop\PL Project\PL\target\classes started by W10 in C:\Users\W10\Desktop\PL Project\PL)
2025-01-09T21:10:43.678+09:00  INFO 21724 --- [PL] [restartedMain] com.example.football.Application         : No active profile set, falling back to 1 default profile: "default"
2025-01-09T21:10:43.790+09:00  INFO 21724 --- [PL] [restartedMain] .s.d.r.c.RepositoryConfigurationDelegate : Bootstrapping Spring Data JPA repositories in DEFAULT mode.
2025-01-09T21:10:43.803+09:00  INFO 21724 --- [PL] [restartedMain] .s.d.r.c.RepositoryConfigurationDelegate : Finished Spring Data repository scanning in 13 ms. Found 7 JPA repository interfaces.
2025-01-09T21:10:43.880+09:00  INFO 21724 --- [PL] [restartedMain] o.s.b.w.embedded.tomcat.TomcatWebServer  : Tomcat initialized with port 8080 (http)
2025-01-09T21:10:43.882+09:00  INFO 21724 --- [PL] [restartedMain] o.apache.catalina.core.StandardService   : Starting service [Tomcat]
2025-01-09T21:10:43.882+09:00  INFO 21724 --- [PL] [restartedMain] o.apache.catalina.core.StandardEngine    : Starting Servlet engine: [Apache Tomcat/10.1.30]
2025-01-09T21:10:43.894+09:00  INFO 21724 --- [PL] [restartedMain] o.a.c.c.C.[Tomcat-1].[localhost].[/]     : Initializing Spring embedded WebApplicationContext
2025-01-09T21:10:43.894+09:00  INFO 21724 --- [PL] [restartedMain] w.s.c.ServletWebServerApplicationContext : Root WebApplicationContext: initialization completed in 215 ms
2025-01-09T21:10:43.918+09:00  INFO 21724 --- [PL] [restartedMain] o.hibernate.jpa.internal.util.LogHelper  : HHH000204: Processing PersistenceUnitInfo [name: default]
2025-01-09T21:10:43.920+09:00  INFO 21724 --- [PL] [restartedMain] o.h.c.internal.RegionFactoryInitiator    : HHH000026: Second-level cache disabled
2025-01-09T21:10:43.923+09:00  INFO 21724 --- [PL] [restartedMain] o.s.o.j.p.SpringPersistenceUnitInfo      : No LoadTimeWeaver setup: ignoring JPA class transformer
2025-01-09T21:10:43.923+09:00  INFO 21724 --- [PL] [restartedMain] com.zaxxer.hikari.HikariDataSource       : HikariPool-8 - Starting...
2025-01-09T21:10:43.935+09:00  INFO 21724 --- [PL] [restartedMain] com.zaxxer.hikari.pool.HikariPool        : HikariPool-8 - Added connection com.mysql.cj.jdbc.ConnectionImpl@6ad2f1de
2025-01-09T21:10:43.935+09:00  INFO 21724 --- [PL] [restartedMain] com.zaxxer.hikari.HikariDataSource       : HikariPool-8 - Start completed.
2025-01-09T21:10:43.936+09:00  WARN 21724 --- [PL] [restartedMain] org.hibernate.orm.deprecation            : HHH90000025: MySQLDialect does not need to be specified explicitly using 'hibernate.dialect' (remove the property setting and it will be selected by default)
2025-01-09T21:10:43.992+09:00  INFO 21724 --- [PL] [restartedMain] o.h.e.t.j.p.i.JtaPlatformInitiator       : HHH000489: No JTA platform available (set 'hibernate.transaction.jta.platform' to enable JTA platform integration)
2025-01-09T21:10:44.012+09:00  INFO 21724 --- [PL] [restartedMain] j.LocalContainerEntityManagerFactoryBean : Initialized JPA EntityManagerFactory for persistence unit 'default'
2025-01-09T21:10:46.947+09:00  WARN 21724 --- [PL] [restartedMain] JpaBaseConfiguration$JpaWebConfiguration : spring.jpa.open-in-view is enabled by default. Therefore, database queries may be performed during view rendering. Explicitly configure spring.jpa.open-in-view to disable this warning
2025-01-09T21:10:47.015+09:00  INFO 21724 --- [PL] [restartedMain] o.s.b.d.a.OptionalLiveReloadServer       : LiveReload server is running on port 35729
2025-01-09T21:10:47.024+09:00  INFO 21724 --- [PL] [restartedMain] o.s.b.w.embedded.tomcat.TomcatWebServer  : Tomcat started on port 8080 (http) with context path ''
2025-01-09T21:10:47.024+09:00  INFO 21724 --- [PL] [restartedMain] o.s.m.s.b.SimpleBrokerMessageHandler     : Starting...
2025-01-09T21:10:47.024+09:00  INFO 21724 --- [PL] [restartedMain] o.s.m.s.b.SimpleBrokerMessageHandler     : BrokerAvailabilityEvent[available=true, SimpleBrokerMessageHandler [org.springframework.messaging.simp.broker.DefaultSubscriptionRegistry@7c5741b9]]
2025-01-09T21:10:47.024+09:00  INFO 21724 --- [PL] [restartedMain] o.s.m.s.b.SimpleBrokerMessageHandler     : Started.
2025-01-09T21:10:47.027+09:00  INFO 21724 --- [PL] [restartedMain] com.example.football.Application         : Started Application in 3.362 seconds (process running for 1303.82)
2025-01-09T21:10:47.028+09:00  INFO 21724 --- [PL] [restartedMain] .ConditionEvaluationDeltaLoggingListener : Condition evaluation unchanged
2025-01-09T21:11:18.129+09:00  INFO 21724 --- [PL] [http-nio-0.0.0.0-8080-exec-1] o.a.c.c.C.[Tomcat-1].[localhost].[/]     : Initializing Spring DispatcherServlet 'dispatcherServlet'
2025-01-09T21:11:18.130+09:00  INFO 21724 --- [PL] [http-nio-0.0.0.0-8080-exec-1] o.s.web.servlet.DispatcherServlet        : Initializing Servlet 'dispatcherServlet'
2025-01-09T21:11:18.131+09:00  INFO 21724 --- [PL] [http-nio-0.0.0.0-8080-exec-1] o.s.web.servlet.DispatcherServlet        : Completed initialization in 1 ms
2025-01-09T21:11:47.021+09:00  INFO 21724 --- [PL] [MessageBroker-5] o.s.w.s.c.WebSocketMessageBrokerStats    : WebSocketSession[0 current WS(0)-HttpStream(0)-HttpPoll(0), 0 total, 0 closed abnormally (0 connect failure, 0 send limit, 0 transport error)], stompSubProtocol[processed CONNECT(0)-CONNECTED(0)-DISCONNECT(0)], stompBrokerRelay[null], inboundChannel[pool size = 0, active threads = 0, queued tasks = 0, completed tasks = 0], outboundChannel[pool size = 0, active threads = 0, queued tasks = 0, completed tasks = 0], sockJsScheduler[pool size = 6, active threads = 1, queued tasks = 3, completed tasks = 8]
2025-01-09T21:33:52.549+09:00  INFO 16100 --- [PL] [restartedMain] com.example.football.Application         : Starting Application using Java 21.0.5 with PID 16100 (C:\Users\W10\Desktop\PL Project\PL\target\classes started by W10 in C:\Users\W10\Desktop\PL Project\PL)
2025-01-09T21:33:52.550+09:00  INFO 16100 --- [PL] [restartedMain] com.example.football.Application         : No active profile set, falling back to 1 default profile: "default"
2025-01-09T21:33:52.582+09:00  INFO 16100 --- [PL] [restartedMain] .e.DevToolsPropertyDefaultsPostProcessor : Devtools property defaults active! Set 'spring.devtools.add-properties' to 'false' to disable
2025-01-09T21:33:52.582+09:00  INFO 16100 --- [PL] [restartedMain] .e.DevToolsPropertyDefaultsPostProcessor : For additional web related logging consider setting the 'logging.level.web' property to 'DEBUG'
2025-01-09T21:33:53.036+09:00  INFO 16100 --- [PL] [restartedMain] .s.d.r.c.RepositoryConfigurationDelegate : Bootstrapping Spring Data JPA repositories in DEFAULT mode.
2025-01-09T21:33:53.087+09:00  INFO 16100 --- [PL] [restartedMain] .s.d.r.c.RepositoryConfigurationDelegate : Finished Spring Data repository scanning in 45 ms. Found 7 JPA repository interfaces.
2025-01-09T21:33:53.475+09:00  INFO 16100 --- [PL] [restartedMain] o.s.b.w.embedded.tomcat.TomcatWebServer  : Tomcat initialized with port 8080 (http)
2025-01-09T21:33:53.485+09:00  INFO 16100 --- [PL] [restartedMain] o.apache.catalina.core.StandardService   : Starting service [Tomcat]
2025-01-09T21:33:53.485+09:00  INFO 16100 --- [PL] [restartedMain] o.apache.catalina.core.StandardEngine    : Starting Servlet engine: [Apache Tomcat/10.1.30]
2025-01-09T21:33:53.521+09:00  INFO 16100 --- [PL] [restartedMain] o.a.c.c.C.[Tomcat].[localhost].[/]       : Initializing Spring embedded WebApplicationContext
2025-01-09T21:33:53.521+09:00  INFO 16100 --- [PL] [restartedMain] w.s.c.ServletWebServerApplicationContext : Root WebApplicationContext: initialization completed in 938 ms
2025-01-09T21:33:53.630+09:00  INFO 16100 --- [PL] [restartedMain] o.hibernate.jpa.internal.util.LogHelper  : HHH000204: Processing PersistenceUnitInfo [name: default]
2025-01-09T21:33:53.674+09:00  INFO 16100 --- [PL] [restartedMain] org.hibernate.Version                    : HHH000412: Hibernate ORM core version 6.4.10.Final
2025-01-09T21:33:53.699+09:00  INFO 16100 --- [PL] [restartedMain] o.h.c.internal.RegionFactoryInitiator    : HHH000026: Second-level cache disabled
2025-01-09T21:33:53.870+09:00  INFO 16100 --- [PL] [restartedMain] o.s.o.j.p.SpringPersistenceUnitInfo      : No LoadTimeWeaver setup: ignoring JPA class transformer
2025-01-09T21:33:53.891+09:00  INFO 16100 --- [PL] [restartedMain] com.zaxxer.hikari.HikariDataSource       : HikariPool-1 - Starting...
2025-01-09T21:33:54.124+09:00  INFO 16100 --- [PL] [restartedMain] com.zaxxer.hikari.pool.HikariPool        : HikariPool-1 - Added connection com.mysql.cj.jdbc.ConnectionImpl@3e104ba9
2025-01-09T21:33:54.126+09:00  INFO 16100 --- [PL] [restartedMain] com.zaxxer.hikari.HikariDataSource       : HikariPool-1 - Start completed.
2025-01-09T21:33:54.165+09:00  WARN 16100 --- [PL] [restartedMain] org.hibernate.orm.deprecation            : HHH90000025: MySQLDialect does not need to be specified explicitly using 'hibernate.dialect' (remove the property setting and it will be selected by default)
2025-01-09T21:33:54.860+09:00  INFO 16100 --- [PL] [restartedMain] o.h.e.t.j.p.i.JtaPlatformInitiator       : HHH000489: No JTA platform available (set 'hibernate.transaction.jta.platform' to enable JTA platform integration)
2025-01-09T21:33:54.918+09:00  INFO 16100 --- [PL] [restartedMain] j.LocalContainerEntityManagerFactoryBean : Initialized JPA EntityManagerFactory for persistence unit 'default'
2025-01-09T21:33:55.150+09:00  INFO 16100 --- [PL] [restartedMain] o.s.d.j.r.query.QueryEnhancerFactory     : Hibernate is in classpath; If applicable, HQL parser will be used.
2025-01-09T21:33:58.718+09:00  WARN 16100 --- [PL] [restartedMain] JpaBaseConfiguration$JpaWebConfiguration : spring.jpa.open-in-view is enabled by default. Therefore, database queries may be performed during view rendering. Explicitly configure spring.jpa.open-in-view to disable this warning
2025-01-09T21:33:58.955+09:00  INFO 16100 --- [PL] [restartedMain] o.s.b.d.a.OptionalLiveReloadServer       : LiveReload server is running on port 35729
2025-01-09T21:33:58.983+09:00  INFO 16100 --- [PL] [restartedMain] o.s.b.w.embedded.tomcat.TomcatWebServer  : Tomcat started on port 8080 (http) with context path ''
2025-01-09T21:33:58.984+09:00  INFO 16100 --- [PL] [restartedMain] o.s.m.s.b.SimpleBrokerMessageHandler     : Starting...
2025-01-09T21:33:58.985+09:00  INFO 16100 --- [PL] [restartedMain] o.s.m.s.b.SimpleBrokerMessageHandler     : BrokerAvailabilityEvent[available=true, SimpleBrokerMessageHandler [org.springframework.messaging.simp.broker.DefaultSubscriptionRegistry@6e7eb19c]]
2025-01-09T21:33:58.985+09:00  INFO 16100 --- [PL] [restartedMain] o.s.m.s.b.SimpleBrokerMessageHandler     : Started.
2025-01-09T21:33:58.992+09:00  INFO 16100 --- [PL] [restartedMain] com.example.football.Application         : Started Application in 6.706 seconds (process running for 7.143)
2025-01-09T21:34:03.433+09:00  INFO 16100 --- [PL] [http-nio-0.0.0.0-8080-exec-1] o.a.c.c.C.[Tomcat].[localhost].[/]       : Initializing Spring DispatcherServlet 'dispatcherServlet'
2025-01-09T21:34:03.433+09:00  INFO 16100 --- [PL] [http-nio-0.0.0.0-8080-exec-1] o.s.web.servlet.DispatcherServlet        : Initializing Servlet 'dispatcherServlet'
2025-01-09T21:34:03.434+09:00  INFO 16100 --- [PL] [http-nio-0.0.0.0-8080-exec-1] o.s.web.servlet.DispatcherServlet        : Completed initialization in 1 ms
2025-01-09T21:34:21.104+09:00  INFO 16100 --- [PL] [RMI TCP Connection(2)-127.0.0.1] inMXBeanRegistrar$SpringApplicationAdmin : Application shutdown requested.
2025-01-09T21:34:21.106+09:00  INFO 16100 --- [PL] [RMI TCP Connection(2)-127.0.0.1] o.s.m.s.b.SimpleBrokerMessageHandler     : Stopping...
2025-01-09T21:34:21.106+09:00  INFO 16100 --- [PL] [RMI TCP Connection(2)-127.0.0.1] o.s.m.s.b.SimpleBrokerMessageHandler     : BrokerAvailabilityEvent[available=false, SimpleBrokerMessageHandler [org.springframework.messaging.simp.broker.DefaultSubscriptionRegistry@6e7eb19c]]
2025-01-09T21:34:21.106+09:00  INFO 16100 --- [PL] [RMI TCP Connection(2)-127.0.0.1] o.s.m.s.b.SimpleBrokerMessageHandler     : Stopped.
2025-01-09T21:34:21.113+09:00  INFO 16100 --- [PL] [RMI TCP Connection(2)-127.0.0.1] j.LocalContainerEntityManagerFactoryBean : Closing JPA EntityManagerFactory for persistence unit 'default'
2025-01-09T21:34:21.115+09:00  INFO 16100 --- [PL] [RMI TCP Connection(2)-127.0.0.1] com.zaxxer.hikari.HikariDataSource       : HikariPool-1 - Shutdown initiated...
2025-01-09T21:34:21.119+09:00  INFO 16100 --- [PL] [RMI TCP Connection(2)-127.0.0.1] com.zaxxer.hikari.HikariDataSource       : HikariPool-1 - Shutdown completed.
